c:\users\aaron\desktop\ds18-aaronodea\labs\lab4 q1\graph\graphslab3\debug\vc141.pdb
c:\users\aaron\desktop\ds18-aaronodea\labs\lab4 q1\graph\graphslab3\debug\vc141.idb
c:\users\aaron\desktop\ds18-aaronodea\labs\lab4 q1\graph\graphslab3\debug\graphmain.obj
c:\users\aaron\desktop\ds18-aaronodea\labs\a star\graph\graphslab3\debug\vc141.pdb
c:\users\aaron\desktop\ds18-aaronodea\labs\a star\graph\graphslab3\debug\vc141.idb
c:\users\aaron\desktop\ds18-aaronodea\labs\a star\graph\graphslab3\debug\screen.obj
c:\users\aaron\desktop\ds18-aaronodea\labs\a star\graph\graphslab3\debug\graphmain.obj
c:\users\aaron\desktop\ds18-aaronodea\labs\lab4 q1\graph\debug\graphslab3.exe
c:\users\aaron\desktop\ds18-aaronodea\labs\lab4 q1\graph\debug\graphslab3.ilk
c:\users\aaron\desktop\ds18-aaronodea\labs\lab4 q1\graph\debug\graphslab3.pdb
c:\users\aaron\desktop\ds18-aaronodea\labs\a star\graph\debug\graphslab3.pdb
c:\users\aaron\desktop\ds18-aaronodea\labs\a star\graph\graphslab3\debug\graphslab3.tlog\cl.command.1.tlog
c:\users\aaron\desktop\ds18-aaronodea\labs\a star\graph\graphslab3\debug\graphslab3.tlog\cl.read.1.tlog
c:\users\aaron\desktop\ds18-aaronodea\labs\a star\graph\graphslab3\debug\graphslab3.tlog\cl.write.1.tlog
c:\users\aaron\desktop\ds18-aaronodea\labs\a star\graph\graphslab3\debug\graphslab3.tlog\link-cvtres.read.1.tlog
c:\users\aaron\desktop\ds18-aaronodea\labs\a star\graph\graphslab3\debug\graphslab3.tlog\link-cvtres.write.1.tlog
c:\users\aaron\desktop\ds18-aaronodea\labs\a star\graph\graphslab3\debug\graphslab3.tlog\link-rc.read.1.tlog
c:\users\aaron\desktop\ds18-aaronodea\labs\a star\graph\graphslab3\debug\graphslab3.tlog\link-rc.write.1.tlog
c:\users\aaron\desktop\ds18-aaronodea\labs\a star\graph\graphslab3\debug\graphslab3.tlog\link.10420-cvtres.read.1.tlog
c:\users\aaron\desktop\ds18-aaronodea\labs\a star\graph\graphslab3\debug\graphslab3.tlog\link.10420-cvtres.write.1.tlog
c:\users\aaron\desktop\ds18-aaronodea\labs\a star\graph\graphslab3\debug\graphslab3.tlog\link.10420-rc.read.1.tlog
c:\users\aaron\desktop\ds18-aaronodea\labs\a star\graph\graphslab3\debug\graphslab3.tlog\link.10420-rc.write.1.tlog
c:\users\aaron\desktop\ds18-aaronodea\labs\a star\graph\graphslab3\debug\graphslab3.tlog\link.10420.read.1.tlog
c:\users\aaron\desktop\ds18-aaronodea\labs\a star\graph\graphslab3\debug\graphslab3.tlog\link.10420.write.1.tlog
c:\users\aaron\desktop\ds18-aaronodea\labs\a star\graph\graphslab3\debug\graphslab3.tlog\link.command.1.tlog
c:\users\aaron\desktop\ds18-aaronodea\labs\a star\graph\graphslab3\debug\graphslab3.tlog\link.read.1.tlog
c:\users\aaron\desktop\ds18-aaronodea\labs\a star\graph\graphslab3\debug\graphslab3.tlog\link.write.1.tlog
